C51 COMPILER V9.53.0.0   MAIN                                                              07/02/2017 21:05:53 PAGE 1   


C51 COMPILER V9.53.0.0, COMPILATION OF MODULE MAIN
OBJECT MODULE PLACED IN main.obj
COMPILER INVOKED BY: C:\Keil_C51\C51\BIN\C51.EXE user\main.c OPTIMIZE(8,SPEED) BROWSE DEBUG OBJECTEXTEND PRINT(.\main.ls
                    -t) TABS(2) OBJECT(main.obj)

line level    source

   1          #include "compiler_defs.h"
*** WARNING C318 IN LINE 1 OF user\main.c: can't open file 'compiler_defs.h'
   2          #include "C8051F330_defs.h"
*** WARNING C318 IN LINE 2 OF user\main.c: can't open file 'C8051F330_defs.h'
   3          


MODULE INFORMATION:   STATIC OVERLAYABLE
   CODE SIZE        =   ----    ----
   CONSTANT SIZE    =   ----    ----
   XDATA SIZE       =   ----    ----
   PDATA SIZE       =   ----    ----
   DATA SIZE        =   ----    ----
   IDATA SIZE       =   ----    ----
   BIT SIZE         =   ----    ----
END OF MODULE INFORMATION.


C51 COMPILATION COMPLETE.  2 WARNING(S),  0 ERROR(S)
